--- Copying files at Thu Nov 16 14:57:45 UTC 2023
INSTALLED plugins/workflow-basic-steps.jpi : 1042.ve7b_140c4a_e0c
INSTALLED plugins/pipeline-groovy-lib.jpi : 689.veec561a_dee13
INSTALLED plugins/plain-credentials.jpi : 143.v1b_df8b_d3b_e48
INSTALLED plugins/script-security.jpi : 1275.v23895f409fb_d
INSTALLED plugins/apache-httpcomponents-client-4-api.jpi : 4.5.14-208.v438351942757
INSTALLED plugins/structs.jpi : 325.vcb_307d2a_2782
INSTALLED plugins/instance-identity.jpi : 185.v303dc7c645f9
INSTALLED plugins/trilead-api.jpi : 2.84.v72119de229b_7
INSTALLED plugins/variant.jpi : 60.v7290fc0eb_b_cd
INSTALLED plugins/credentials-binding.jpi : 642.v737c34dea_6c2
INSTALLED plugins/pipeline-model-extensions.jpi : 2.2151.ve32c9d209a_3f
INSTALLED plugins/snakeyaml-api.jpi : 2.2-111.vc6598e30cc65
INSTALLED plugins/jakarta-mail-api.jpi : 2.0.1-3
INSTALLED plugins/jakarta-activation-api.jpi : 2.0.1-3
INSTALLED plugins/mailer.jpi : 463.vedf8358e006b_
INSTALLED plugins/pipeline-model-api.jpi : 2.2151.ve32c9d209a_3f
INSTALLED plugins/workflow-scm-step.jpi : 415.v434365564324
INSTALLED plugins/ionicons-api.jpi : 56.v1b_1c8c49374e
INSTALLED plugins/credentials.jpi : 1309.v8835d63eb_d8a_
INSTALLED plugins/docker-workflow.jpi : 572.v950f58993843
INSTALLED plugins/jaxb.jpi : 2.3.9-1
INSTALLED plugins/cloudbees-folder.jpi : 6.858.v898218f3609d
INSTALLED plugins/workflow-durable-task-step.jpi : 1289.v4d3e7b_01546b_
INSTALLED plugins/bouncycastle-api.jpi : 2.29
INSTALLED plugins/pipeline-model-definition.jpi : 2.2151.ve32c9d209a_3f
INSTALLED plugins/workflow-api.jpi : 1283.v99c10937efcb_
INSTALLED plugins/workflow-support.jpi : 865.v43e78cc44e0d
INSTALLED plugins/mina-sshd-api-core.jpi : 2.11.0-86.v836f585d47fa_
INSTALLED plugins/jackson2-api.jpi : 2.15.3-372.v309620682326
INSTALLED plugins/workflow-cps.jpi : 3806.va_3a_6988277b_2
INSTALLED plugins/branch-api.jpi : 2.1135.v8de8e7899051
INSTALLED plugins/durable-task.jpi : 523.va_a_22cf15d5e0
INSTALLED plugins/pipeline-input-step.jpi : 477.v339683a_8d55e
INSTALLED plugins/caffeine-api.jpi : 3.1.8-133.v17b_1ff2e0599
INSTALLED plugins/pipeline-stage-tags-metadata.jpi : 2.2151.ve32c9d209a_3f
INSTALLED plugins/docker-commons.jpi : 439.va_3cb_0a_6a_fb_29
INSTALLED plugins/display-url-api.jpi : 2.200.vb_9327d658781
INSTALLED plugins/workflow-step-api.jpi : 639.v6eca_cd8c04a_a_
INSTALLED plugins/scm-api.jpi : 683.vb_16722fb_b_80b_
INSTALLED plugins/authentication-tokens.jpi : 1.53.v1c90fd9191a_b_
INSTALLED plugins/mina-sshd-api-common.jpi : 2.11.0-86.v836f585d47fa_
INSTALLED plugins/workflow-job.jpi : 1360.vc6700e3136f5
INSTALLED plugins/ssh-credentials.jpi : 308.ve4497b_ccd8f4
INSTALLED plugins/pipeline-stage-step.jpi : 305.ve96d0205c1c6
INSTALLED plugins/workflow-multibranch.jpi : 756.v891d88f2cd46
INSTALLED plugins/git-client.jpi : 4.5.0
INSTALLED plugins/javax-activation-api.jpi : 1.2.0-6
